Unity Editor version:    2022.3.48f1 (8bf49c377ebf)
Branch:                  2022.3/release
Build type:              Release
Batch mode:              YES
macOS version:           Version 15.1 (Build 24B2082)
Darwin version:          24.1.0
Architecture:            arm64
Running under Rosetta:   NO
Available memory:        24576 MB
Using pre-set license
Pro License: YES

COMMAND LINE ARGUMENTS:
/Applications/Unity/Hub/Editor/2022.3.48f1/Unity.app/Contents/MacOS/Unity
-adb2
-batchMode
-noUpm
-name
AssetImportWorker8
-projectPath
/Users/miggy/Documents/Github/LO_Game_3D/LowerOrderIn3D
-logFile
Logs/AssetImportWorker8.log
-srvPort
51362
Successfully changed project path to: /Users/miggy/Documents/Github/LO_Game_3D/LowerOrderIn3D
/Users/miggy/Documents/Github/LO_Game_3D/LowerOrderIn3D
[UnityMemory] Configuration Parameters - Can be set up in boot.config
    "memorysetup-bucket-allocator-granularity=16"
    "memorysetup-bucket-allocator-bucket-count=8"
    "memorysetup-bucket-allocator-block-size=33554432"
    "memorysetup-bucket-allocator-block-count=8"
    "memorysetup-main-allocator-block-size=16777216"
    "memorysetup-thread-allocator-block-size=16777216"
    "memorysetup-gfx-main-allocator-block-size=16777216"
    "memorysetup-gfx-thread-allocator-block-size=16777216"
    "memorysetup-cache-allocator-block-size=4194304"
    "memorysetup-typetree-allocator-block-size=2097152"
    "memorysetup-profiler-bucket-allocator-granularity=16"
    "memorysetup-profiler-bucket-allocator-bucket-count=8"
    "memorysetup-profiler-bucket-allocator-block-size=33554432"
    "memorysetup-profiler-bucket-allocator-block-count=8"
    "memorysetup-profiler-allocator-block-size=16777216"
    "memorysetup-profiler-editor-allocator-block-size=1048576"
    "memorysetup-temp-allocator-size-main=16777216"
    "memorysetup-job-temp-allocator-block-size=2097152"
    "memorysetup-job-temp-allocator-block-size-background=1048576"
    "memorysetup-job-temp-allocator-reduction-small-platforms=262144"
    "memorysetup-allocator-temp-initial-block-size-main=262144"
    "memorysetup-allocator-temp-initial-block-size-worker=262144"
    "memorysetup-temp-allocator-size-background-worker=32768"
    "memorysetup-temp-allocator-size-job-worker=262144"
    "memorysetup-temp-allocator-size-preload-manager=33554432"
    "memorysetup-temp-allocator-size-nav-mesh-worker=65536"
    "memorysetup-temp-allocator-size-audio-worker=65536"
    "memorysetup-temp-allocator-size-cloud-worker=32768"
    "memorysetup-temp-allocator-size-gi-baking-worker=262144"
    "memorysetup-temp-allocator-size-gfx=262144"
Player connection [8341519040]  Target information:

Player connection [8341519040]  * "[IP] 192.168.87.34 [Port] 0 [Flags] 2 [Guid] 2978483264 [EditorId] 2978483264 [Version] 1048832 [Id] OSXEditor(0,miguels-mbp.lan) [Debug] 1 [PackageName] OSXEditor [ProjectName] Editor" 

Player connection [8341519040] Host joined multi-casting on [225.0.0.222:54997]...
Player connection [8341519040] Host joined alternative multi-casting on [225.0.0.222:34997]...
[PhysX] Initialized MultithreadedTaskDispatcher with 14 workers.
Refreshing native plugins compatible for Editor in 9.65 ms, found 2 plugins.
Preloading 0 native plugins for Editor in 0.00 ms.
Initialize engine version: 2022.3.48f1 (8bf49c377ebf)
[Subsystems] Discovering subsystems at path /Applications/Unity/Hub/Editor/2022.3.48f1/Unity.app/Contents/Resources/UnitySubsystems
[Subsystems] Discovering subsystems at path /Users/miggy/Documents/Github/LO_Game_3D/LowerOrderIn3D/Assets
GfxDevice: creating device client; threaded=0; jobified=0
 preferred device: Apple M4 Pro (high power)
Metal devices available: 1
0: Apple M4 Pro (high power)
Using device Apple M4 Pro (high power)
Initializing Metal device caps: Apple M4 Pro
Initialize mono
Mono path[0] = '/Applications/Unity/Hub/Editor/2022.3.48f1/Unity.app/Contents/Managed'
Mono path[1] = '/Applications/Unity/Hub/Editor/2022.3.48f1/Unity.app/Contents/MonoBleedingEdge/lib/mono/unityjit-macos'
Mono config path = '/Applications/Unity/Hub/Editor/2022.3.48f1/Unity.app/Contents/MonoBleedingEdge/etc'
Using monoOptions --debugger-agent=transport=dt_socket,embedding=1,server=y,suspend=n,address=127.0.0.1:56919
Begin MonoManager ReloadAssembly
Registering precompiled unity dll's ...
Register platform support module: /Applications/Unity/Hub/Editor/2022.3.48f1/Unity.app/Contents/PlaybackEngines/MacStandaloneSupport/UnityEditor.OSXStandalone.Extensions.dll
Registered in 0.003176 seconds.
- Loaded All Assemblies, in  0.175 seconds
Native extension for OSXStandalone target not found
Mono: successfully reloaded assembly
- Finished resetting the current domain, in  0.120 seconds
Domain Reload Profiling: 295ms
	BeginReloadAssembly (54ms)
		ExecutionOrderSort (0ms)
		DisableScriptedObjects (0ms)
		BackupInstance (0ms)
		ReleaseScriptingObjects (0ms)
		CreateAndSetChildDomain (0ms)
	RebuildCommonClasses (18ms)
	RebuildNativeTypeToScriptingClass (6ms)
	initialDomainReloadingComplete (26ms)
	LoadAllAssembliesAndSetupDomain (72ms)
		LoadAssemblies (54ms)
		RebuildTransferFunctionScriptingTraits (0ms)
		AnalyzeDomain (71ms)
			TypeCache.Refresh (71ms)
				TypeCache.ScanAssembly (64ms)
			ScanForSourceGeneratedMonoScriptInfo (0ms)
			ResolveRequiredComponents (0ms)
	FinalizeReload (121ms)
		ReleaseScriptCaches (0ms)
		RebuildScriptCaches (0ms)
		SetupLoadedEditorAssemblies (98ms)
			LogAssemblyErrors (0ms)
			InitializePlatformSupportModulesInManaged (4ms)
			SetLoadedEditorAssemblies (4ms)
			RefreshPlugins (0ms)
			BeforeProcessingInitializeOnLoad (1ms)
			ProcessInitializeOnLoadAttributes (68ms)
			ProcessInitializeOnLoadMethodAttributes (21ms)
			AfterProcessingInitializeOnLoad (0ms)
			EditorAssembliesLoaded (0ms)
		ExecutionOrderSort2 (0ms)
		AwakeInstancesAfterBackupRestoration (0ms)
========================================================================
Worker process is ready to serve import requests
Caller must complete domain reload
Begin MonoManager ReloadAssembly
- Loaded All Assemblies, in  0.282 seconds
Native extension for OSXStandalone target not found
Mono: successfully reloaded assembly
- Finished resetting the current domain, in  0.290 seconds
Domain Reload Profiling: 572ms
	BeginReloadAssembly (50ms)
		ExecutionOrderSort (0ms)
		DisableScriptedObjects (2ms)
		BackupInstance (0ms)
		ReleaseScriptingObjects (0ms)
		CreateAndSetChildDomain (12ms)
	RebuildCommonClasses (16ms)
	RebuildNativeTypeToScriptingClass (5ms)
	initialDomainReloadingComplete (15ms)
	LoadAllAssembliesAndSetupDomain (195ms)
		LoadAssemblies (131ms)
		RebuildTransferFunctionScriptingTraits (0ms)
		AnalyzeDomain (85ms)
			TypeCache.Refresh (76ms)
				TypeCache.ScanAssembly (66ms)
			ScanForSourceGeneratedMonoScriptInfo (5ms)
			ResolveRequiredComponents (3ms)
	FinalizeReload (290ms)
		ReleaseScriptCaches (0ms)
		RebuildScriptCaches (0ms)
		SetupLoadedEditorAssemblies (225ms)
			LogAssemblyErrors (0ms)
			InitializePlatformSupportModulesInManaged (2ms)
			SetLoadedEditorAssemblies (2ms)
			RefreshPlugins (0ms)
			BeforeProcessingInitializeOnLoad (24ms)
			ProcessInitializeOnLoadAttributes (188ms)
			ProcessInitializeOnLoadMethodAttributes (8ms)
			AfterProcessingInitializeOnLoad (1ms)
			EditorAssembliesLoaded (0ms)
		ExecutionOrderSort2 (0ms)
		AwakeInstancesAfterBackupRestoration (2ms)
Launching external process: /Applications/Unity/Hub/Editor/2022.3.48f1/Unity.app/Contents/Tools/UnityShaderCompiler
Launched and connected shader compiler UnityShaderCompiler after 0.02 seconds
Refreshing native plugins compatible for Editor in 0.50 ms, found 2 plugins.
Preloading 0 native plugins for Editor in 0.00 ms.
Unloading 3221 Unused Serialized files (Serialized files now loaded: 0)
Unloading 19 unused Assets / (49.7 KB). Loaded Objects now: 3698.
Memory consumption went from 133.1 MB to 133.1 MB.
Total: 2.088833 ms (FindLiveObjects: 0.082250 ms CreateObjectMapping: 0.027375 ms MarkObjects: 1.910750 ms  DeleteObjects: 0.068000 ms)

AssetImportParameters requested are different than current active one (requested -> active):
  custom:scripting/monoscript/fileName/launchProjectile.cs: 3547ef39404f47daf9d39cbed61b8650 -> 
  custom:container-demuxer-ogg: 62fdf1f143b41e24485cea50d1cbac27 -> 
  custom:video-decoder-ogg-theora: a1e56fd34408186e4bbccfd4996cb3dc -> 
  custom:CustomObjectIndexerAttribute: 9a22284fe3817be447336de3de66b15e -> 
  custom:container-demuxer-webm: 4f35f7cbe854078d1ac9338744f61a02 -> 
  custom:scripting/monoscript/fileName/Randomize.cs: 3d89df6970ac202b7c973787f308c29e -> 
  custom:container-muxer-webm: aa71ff27fc2769a1b78a27578f13a17b -> 
  custom:video-decoder-webm-vp8: 9c59270c3fd7afecdb556c50c9e8de78 -> 
  custom:SearchIndexIgnoredProperties: e643bd26f0fe6173181afceb89e7c659 -> 
  custom:AudioImporter_EditorPlatform: 3918e3fc78b5a79bad01e8451be0beb8 -> 
  custom:framework-osx-AVFoundation: e770b220cccbd017edd2c1fefb359320 -> 
  custom:video-encoder-webm-vp8: eb34c28f22e8b96e1ab97ce403110664 -> 
  custom:audio-decoder-ogg-vorbis: bf7c407c2cedff20999df2af8eb42d56 -> 
  custom:audio-encoder-webm-vorbis: bf7c407c2cedff20999df2af8eb42d56 -> 
========================================================================
Received Import Request.
  Time since last request: 59721.319070 seconds.
  path: Assets/White Black GUI/White Icons/icon_scope.png
  artifactKey: Guid(8fbc75d59ce62e543aacaa433c28b799) Importer(815301076,1909f56bfc062723c751e8b465ee728b)
Start importing Assets/White Black GUI/White Icons/icon_scope.png using Guid(8fbc75d59ce62e543aacaa433c28b799) Importer(815301076,1909f56bfc062723c751e8b465ee728b) [PhysX] Initialized MultithreadedTaskDispatcher with 14 workers.
[PhysX] Initialized MultithreadedTaskDispatcher with 14 workers.
 -> (artifact id: 'a290ac70610ff41ebbc31bbfe2feff19') in 0.092454 seconds
Number of updated asset objects reloaded before import = 0
Number of asset objects unloaded after import = 3
========================================================================
Received Import Request.
  Time since last request: 0.033875 seconds.
  path: Assets/White Black GUI/White Icons/icon_world.png
  artifactKey: Guid(b85c9b4189cbdbb4dbe3742278233bff) Importer(815301076,1909f56bfc062723c751e8b465ee728b)
Start importing Assets/White Black GUI/White Icons/icon_world.png using Guid(b85c9b4189cbdbb4dbe3742278233bff) Importer(815301076,1909f56bfc062723c751e8b465ee728b) [PhysX] Initialized MultithreadedTaskDispatcher with 14 workers.
[PhysX] Initialized MultithreadedTaskDispatcher with 14 workers.
 -> (artifact id: 'deea24f92d9ae513bcfee77f84a8f772') in 0.003561 seconds
Number of updated asset objects reloaded before import = 0
Number of asset objects unloaded after import = 3
========================================================================
Received Import Request.
  Time since last request: 0.739632 seconds.
  path: Assets/White Black GUI/White Icons/letter_a.png
  artifactKey: Guid(ea4a3c0a24c8a9d48b9027a6a1df596e) Importer(815301076,1909f56bfc062723c751e8b465ee728b)
Start importing Assets/White Black GUI/White Icons/letter_a.png using Guid(ea4a3c0a24c8a9d48b9027a6a1df596e) Importer(815301076,1909f56bfc062723c751e8b465ee728b) [PhysX] Initialized MultithreadedTaskDispatcher with 14 workers.
[PhysX] Initialized MultithreadedTaskDispatcher with 14 workers.
 -> (artifact id: '210d6aaaafede59a61f673ea153b2a7f') in 0.006755 seconds
Number of updated asset objects reloaded before import = 0
Number of asset objects unloaded after import = 3
========================================================================
Received Import Request.
  Time since last request: 0.484065 seconds.
  path: Assets/White Black GUI/White Icons/letter_x.png
  artifactKey: Guid(36b74524835a30443a583f35c8f769e6) Importer(815301076,1909f56bfc062723c751e8b465ee728b)
Start importing Assets/White Black GUI/White Icons/letter_x.png using Guid(36b74524835a30443a583f35c8f769e6) Importer(815301076,1909f56bfc062723c751e8b465ee728b) [PhysX] Initialized MultithreadedTaskDispatcher with 14 workers.
[PhysX] Initialized MultithreadedTaskDispatcher with 14 workers.
 -> (artifact id: '0d9c94616f9af49426b900a3cad8d22b') in 0.005287 seconds
Number of updated asset objects reloaded before import = 0
Number of asset objects unloaded after import = 3
========================================================================
Received Import Request.
  Time since last request: 0.507540 seconds.
  path: Assets/White Black GUI/White Icons/number_1.png
  artifactKey: Guid(ca01e3a9c107ef14bb5bd6df8467766f) Importer(815301076,1909f56bfc062723c751e8b465ee728b)
Start importing Assets/White Black GUI/White Icons/number_1.png using Guid(ca01e3a9c107ef14bb5bd6df8467766f) Importer(815301076,1909f56bfc062723c751e8b465ee728b) [PhysX] Initialized MultithreadedTaskDispatcher with 14 workers.
[PhysX] Initialized MultithreadedTaskDispatcher with 14 workers.
 -> (artifact id: 'f68dcb3cc98400ad8289e392657f11a5') in 0.005078 seconds
Number of updated asset objects reloaded before import = 0
Number of asset objects unloaded after import = 3
========================================================================
Received Import Request.
  Time since last request: 0.652091 seconds.
  path: Assets/LeanTween/Examples/Textures/PowerUpStar.png
  artifactKey: Guid(70141d51621e24facbca9196bbde84b4) Importer(815301076,1909f56bfc062723c751e8b465ee728b)
Start importing Assets/LeanTween/Examples/Textures/PowerUpStar.png using Guid(70141d51621e24facbca9196bbde84b4) Importer(815301076,1909f56bfc062723c751e8b465ee728b) [PhysX] Initialized MultithreadedTaskDispatcher with 14 workers.
[PhysX] Initialized MultithreadedTaskDispatcher with 14 workers.
 -> (artifact id: 'cf2f19876db48bbb66c1c126041ca437') in 0.004441 seconds
Number of updated asset objects reloaded before import = 0
Number of asset objects unloaded after import = 3
========================================================================
Received Import Request.
  Time since last request: 0.506080 seconds.
  path: Assets/White Black GUI/White Icons/sound_on.png
  artifactKey: Guid(eb5f925e52ba2a944bd469303df8903a) Importer(815301076,1909f56bfc062723c751e8b465ee728b)
Start importing Assets/White Black GUI/White Icons/sound_on.png using Guid(eb5f925e52ba2a944bd469303df8903a) Importer(815301076,1909f56bfc062723c751e8b465ee728b) [PhysX] Initialized MultithreadedTaskDispatcher with 14 workers.
[PhysX] Initialized MultithreadedTaskDispatcher with 14 workers.
 -> (artifact id: '6f0a0241472eff972bfd14b627553a8a') in 0.004584 seconds
Number of updated asset objects reloaded before import = 0
Number of asset objects unloaded after import = 3
========================================================================
Received Import Request.
  Time since last request: 0.044458 seconds.
  path: Assets/White Black GUI/White Icons/twitter_02.png
  artifactKey: Guid(85bc08163a7532e4d8eb53f520612780) Importer(815301076,1909f56bfc062723c751e8b465ee728b)
Start importing Assets/White Black GUI/White Icons/twitter_02.png using Guid(85bc08163a7532e4d8eb53f520612780) Importer(815301076,1909f56bfc062723c751e8b465ee728b) [PhysX] Initialized MultithreadedTaskDispatcher with 14 workers.
[PhysX] Initialized MultithreadedTaskDispatcher with 14 workers.
 -> (artifact id: '5adf3130651850da1739f7569f05b2c1') in 0.003505 seconds
Number of updated asset objects reloaded before import = 0
Number of asset objects unloaded after import = 3
========================================================================
Received Import Request.
  Time since last request: 4.334373 seconds.
  path: Assets/White Black GUI/White Icons/icon_coin.png
  artifactKey: Guid(35728efe31049c344bfa82aff2adf588) Importer(815301076,1909f56bfc062723c751e8b465ee728b)
Start importing Assets/White Black GUI/White Icons/icon_coin.png using Guid(35728efe31049c344bfa82aff2adf588) Importer(815301076,1909f56bfc062723c751e8b465ee728b) [PhysX] Initialized MultithreadedTaskDispatcher with 14 workers.
[PhysX] Initialized MultithreadedTaskDispatcher with 14 workers.
 -> (artifact id: '546e0cf0555f80f8f531882e530a8bb7') in 0.011132 seconds
Number of updated asset objects reloaded before import = 0
Number of asset objects unloaded after import = 3
========================================================================
Received Import Request.
  Time since last request: 0.554546 seconds.
  path: Assets/White Black GUI/White Icons/facebook.png
  artifactKey: Guid(3641ea12072db464aa39136f064fedca) Importer(815301076,1909f56bfc062723c751e8b465ee728b)
Start importing Assets/White Black GUI/White Icons/facebook.png using Guid(3641ea12072db464aa39136f064fedca) Importer(815301076,1909f56bfc062723c751e8b465ee728b) [PhysX] Initialized MultithreadedTaskDispatcher with 14 workers.
[PhysX] Initialized MultithreadedTaskDispatcher with 14 workers.
 -> (artifact id: 'e8878083c4189cc9d673f7fe3233de2b') in 0.003518 seconds
Number of updated asset objects reloaded before import = 0
Number of asset objects unloaded after import = 3
========================================================================
Received Import Request.
  Time since last request: 0.022667 seconds.
  path: Assets/White Black GUI/Black Icons/darkTwitter_02.png
  artifactKey: Guid(6118277717e606940b32030882b9f0ed) Importer(815301076,1909f56bfc062723c751e8b465ee728b)
Start importing Assets/White Black GUI/Black Icons/darkTwitter_02.png using Guid(6118277717e606940b32030882b9f0ed) Importer(815301076,1909f56bfc062723c751e8b465ee728b) [PhysX] Initialized MultithreadedTaskDispatcher with 14 workers.
[PhysX] Initialized MultithreadedTaskDispatcher with 14 workers.
 -> (artifact id: '89b8c945ab85f98b6c333531b0ffe125') in 0.003596 seconds
Number of updated asset objects reloaded before import = 0
Number of asset objects unloaded after import = 3
========================================================================
Received Import Request.
  Time since last request: 0.000559 seconds.
  path: Assets/White Black GUI/Black Icons/darkNumber_2.png
  artifactKey: Guid(61d41c84dc8e75a40b355e3bdc62f7fc) Importer(815301076,1909f56bfc062723c751e8b465ee728b)
Start importing Assets/White Black GUI/Black Icons/darkNumber_2.png using Guid(61d41c84dc8e75a40b355e3bdc62f7fc) Importer(815301076,1909f56bfc062723c751e8b465ee728b) [PhysX] Initialized MultithreadedTaskDispatcher with 14 workers.
[PhysX] Initialized MultithreadedTaskDispatcher with 14 workers.
 -> (artifact id: 'cb7f7c00128a107d950ebc143cea8d94') in 0.003390 seconds
Number of updated asset objects reloaded before import = 0
Number of asset objects unloaded after import = 3
========================================================================
Received Import Request.
  Time since last request: 0.011983 seconds.
  path: Assets/White Black GUI/Black Icons/darkLetter_b.png
  artifactKey: Guid(1938e2c6cbbc45249b58b80f3ad09e96) Importer(815301076,1909f56bfc062723c751e8b465ee728b)
Start importing Assets/White Black GUI/Black Icons/darkLetter_b.png using Guid(1938e2c6cbbc45249b58b80f3ad09e96) Importer(815301076,1909f56bfc062723c751e8b465ee728b) [PhysX] Initialized MultithreadedTaskDispatcher with 14 workers.
[PhysX] Initialized MultithreadedTaskDispatcher with 14 workers.
 -> (artifact id: '19375b2da5d5b5b34d21a5b52ff35852') in 0.003462 seconds
Number of updated asset objects reloaded before import = 0
Number of asset objects unloaded after import = 3
========================================================================
Received Import Request.
  Time since last request: 0.034034 seconds.
  path: Assets/White Black GUI/Black Icons/darkIcon_radioactive.png
  artifactKey: Guid(9a4b6ff787d58b74da9bcbf871275316) Importer(815301076,1909f56bfc062723c751e8b465ee728b)
Start importing Assets/White Black GUI/Black Icons/darkIcon_radioactive.png using Guid(9a4b6ff787d58b74da9bcbf871275316) Importer(815301076,1909f56bfc062723c751e8b465ee728b) [PhysX] Initialized MultithreadedTaskDispatcher with 14 workers.
[PhysX] Initialized MultithreadedTaskDispatcher with 14 workers.
 -> (artifact id: '9eaa71eb635d2867c0ca716cbea9eb09') in 0.004944 seconds
Number of updated asset objects reloaded before import = 0
Number of asset objects unloaded after import = 3
========================================================================
Received Import Request.
  Time since last request: 0.003621 seconds.
  path: Assets/White Black GUI/Black Icons/darkIcon_coin.png
  artifactKey: Guid(945c3037a8eff484585707630bf7c3ce) Importer(815301076,1909f56bfc062723c751e8b465ee728b)
Start importing Assets/White Black GUI/Black Icons/darkIcon_coin.png using Guid(945c3037a8eff484585707630bf7c3ce) Importer(815301076,1909f56bfc062723c751e8b465ee728b) [PhysX] Initialized MultithreadedTaskDispatcher with 14 workers.
[PhysX] Initialized MultithreadedTaskDispatcher with 14 workers.
 -> (artifact id: 'aed110eb855ff9e157602937a4c60d1a') in 0.003422 seconds
Number of updated asset objects reloaded before import = 0
Number of asset objects unloaded after import = 3
========================================================================
Received Import Request.
  Time since last request: 0.000108 seconds.
  path: Assets/White Black GUI/Black Icons/darkIcon_heart.png
  artifactKey: Guid(444017026c743e64d8f4bc38f456e28e) Importer(815301076,1909f56bfc062723c751e8b465ee728b)
Start importing Assets/White Black GUI/Black Icons/darkIcon_heart.png using Guid(444017026c743e64d8f4bc38f456e28e) Importer(815301076,1909f56bfc062723c751e8b465ee728b) [PhysX] Initialized MultithreadedTaskDispatcher with 14 workers.
[PhysX] Initialized MultithreadedTaskDispatcher with 14 workers.
 -> (artifact id: '93f89830fd3c996c91b7980d7a3f0f80') in 0.004172 seconds
Number of updated asset objects reloaded before import = 0
Number of asset objects unloaded after import = 3
========================================================================
Received Import Request.
  Time since last request: 0.000078 seconds.
  path: Assets/White Black GUI/Black Icons/darkIcon_done.png
  artifactKey: Guid(89b19ad01b389fb4590e7c45cd00db76) Importer(815301076,1909f56bfc062723c751e8b465ee728b)
Start importing Assets/White Black GUI/Black Icons/darkIcon_done.png using Guid(89b19ad01b389fb4590e7c45cd00db76) Importer(815301076,1909f56bfc062723c751e8b465ee728b) [PhysX] Initialized MultithreadedTaskDispatcher with 14 workers.
[PhysX] Initialized MultithreadedTaskDispatcher with 14 workers.
 -> (artifact id: '8f916d3dd95267cbb58c2f2b4c338bb8') in 0.005345 seconds
Number of updated asset objects reloaded before import = 0
Number of asset objects unloaded after import = 3
========================================================================
Received Import Request.
  Time since last request: 0.002308 seconds.
  path: Assets/White Black GUI/Black Icons/darkFacebook_01.png
  artifactKey: Guid(d841f05f50c0cc849b0eb39efca97d9d) Importer(815301076,1909f56bfc062723c751e8b465ee728b)
Start importing Assets/White Black GUI/Black Icons/darkFacebook_01.png using Guid(d841f05f50c0cc849b0eb39efca97d9d) Importer(815301076,1909f56bfc062723c751e8b465ee728b) [PhysX] Initialized MultithreadedTaskDispatcher with 14 workers.
[PhysX] Initialized MultithreadedTaskDispatcher with 14 workers.
 -> (artifact id: 'abcbaa6d271e4227e1322b2768a63e00') in 0.004355 seconds
Number of updated asset objects reloaded before import = 0
Number of asset objects unloaded after import = 3
========================================================================
Received Import Request.
  Time since last request: 0.026746 seconds.
  path: Assets/White Black GUI/Black Icons/darkArrow_down2.png
  artifactKey: Guid(883bfc518b133f64d94d07d7c78e274f) Importer(815301076,1909f56bfc062723c751e8b465ee728b)
Start importing Assets/White Black GUI/Black Icons/darkArrow_down2.png using Guid(883bfc518b133f64d94d07d7c78e274f) Importer(815301076,1909f56bfc062723c751e8b465ee728b) [PhysX] Initialized MultithreadedTaskDispatcher with 14 workers.
[PhysX] Initialized MultithreadedTaskDispatcher with 14 workers.
 -> (artifact id: '2939f1628d5cbffab34c94c68f0802bd') in 0.003478 seconds
Number of updated asset objects reloaded before import = 0
Number of asset objects unloaded after import = 3
Editor requested this worker to shutdown with reason: Scaling down because of idle timeout
TcpMessagingSession - receive error: operation aborted. errorcode: 89, details: Operation aborted.
AssetImportWorker is now disconnected from the server
Process exiting
